2020-08-12 21:35:15.737  INFO 14608 --- [restartedMain] com.dom.colare.api.Api                   : Starting Api on DESKTOP-G4L0FKU with PID 14608 (D:\DEV\Projects\Intellij\colare\api\target\classes started by janer in D:\DEV\Projects\Intellij\colare)
2020-08-12 21:35:15.742  INFO 14608 --- [restartedMain] com.dom.colare.api.Api                   : No active profile set, falling back to default profiles: default
2020-08-12 21:35:15.841  INFO 14608 --- [restartedMain] o.s.b.devtools.restart.ChangeableUrls    : The Class-Path manifest attribute in D:\DEV\Maven\repository\org\glassfish\jaxb\jaxb-runtime\2.3.2\jaxb-runtime-2.3.2.jar referenced one or more files that do not exist: file:/D:/DEV/Maven/repository/org/glassfish/jaxb/jaxb-runtime/2.3.2/jakarta.xml.bind-api-2.3.2.jar,file:/D:/DEV/Maven/repository/org/glassfish/jaxb/jaxb-runtime/2.3.2/txw2-2.3.2.jar,file:/D:/DEV/Maven/repository/org/glassfish/jaxb/jaxb-runtime/2.3.2/istack-commons-runtime-3.0.8.jar,file:/D:/DEV/Maven/repository/org/glassfish/jaxb/jaxb-runtime/2.3.2/stax-ex-1.8.1.jar,file:/D:/DEV/Maven/repository/org/glassfish/jaxb/jaxb-runtime/2.3.2/FastInfoset-1.2.16.jar,file:/D:/DEV/Maven/repository/org/glassfish/jaxb/jaxb-runtime/2.3.2/jakarta.activation-api-1.2.1.jar
2020-08-12 21:35:15.842  INFO 14608 --- [restartedMain] .e.DevToolsPropertyDefaultsPostProcessor : Devtools property defaults active! Set 'spring.devtools.add-properties' to 'false' to disable
2020-08-12 21:35:15.842  INFO 14608 --- [restartedMain] .e.DevToolsPropertyDefaultsPostProcessor : For additional web related logging consider setting the 'logging.level.web' property to 'DEBUG'
2020-08-12 21:35:18.006  INFO 14608 --- [restartedMain] .s.d.r.c.RepositoryConfigurationDelegate : Bootstrapping Spring Data repositories in DEFAULT mode.
2020-08-12 21:35:18.220  INFO 14608 --- [restartedMain] .s.d.r.c.RepositoryConfigurationDelegate : Finished Spring Data repository scanning in 206ms. Found 30 repository interfaces.
2020-08-12 21:35:19.037  INFO 14608 --- [restartedMain] trationDelegate$BeanPostProcessorChecker : Bean 'org.springframework.transaction.annotation.ProxyTransactionManagementConfiguration' of type [org.springframework.transaction.annotation.ProxyTransactionManagementConfiguration] is not eligible for getting processed by all BeanPostProcessors (for example: not eligible for auto-proxying)
2020-08-12 21:35:19.072  INFO 14608 --- [restartedMain] trationDelegate$BeanPostProcessorChecker : Bean 'org.springframework.security.config.annotation.configuration.ObjectPostProcessorConfiguration' of type [org.springframework.security.config.annotation.configuration.ObjectPostProcessorConfiguration] is not eligible for getting processed by all BeanPostProcessors (for example: not eligible for auto-proxying)
2020-08-12 21:35:19.077  INFO 14608 --- [restartedMain] trationDelegate$BeanPostProcessorChecker : Bean 'objectPostProcessor' of type [org.springframework.security.config.annotation.configuration.AutowireBeanFactoryObjectPostProcessor] is not eligible for getting processed by all BeanPostProcessors (for example: not eligible for auto-proxying)
2020-08-12 21:35:19.080  INFO 14608 --- [restartedMain] trationDelegate$BeanPostProcessorChecker : Bean 'org.springframework.security.access.expression.method.DefaultMethodSecurityExpressionHandler@2774011' of type [org.springframework.security.access.expression.method.DefaultMethodSecurityExpressionHandler] is not eligible for getting processed by all BeanPostProcessors (for example: not eligible for auto-proxying)
2020-08-12 21:35:19.082  INFO 14608 --- [restartedMain] trationDelegate$BeanPostProcessorChecker : Bean 'org.springframework.security.config.annotation.method.configuration.GlobalMethodSecurityConfiguration' of type [org.springframework.security.config.annotation.method.configuration.GlobalMethodSecurityConfiguration] is not eligible for getting processed by all BeanPostProcessors (for example: not eligible for auto-proxying)
2020-08-12 21:35:19.086  INFO 14608 --- [restartedMain] trationDelegate$BeanPostProcessorChecker : Bean 'methodSecurityMetadataSource' of type [org.springframework.security.access.method.DelegatingMethodSecurityMetadataSource] is not eligible for getting processed by all BeanPostProcessors (for example: not eligible for auto-proxying)
2020-08-12 21:35:19.574  INFO 14608 --- [restartedMain] o.s.b.w.embedded.tomcat.TomcatWebServer  : Tomcat initialized with port(s): 8080 (http)
2020-08-12 21:35:19.584  INFO 14608 --- [restartedMain] o.apache.catalina.core.StandardService   : Starting service [Tomcat]
2020-08-12 21:35:19.584  INFO 14608 --- [restartedMain] org.apache.catalina.core.StandardEngine  : Starting Servlet engine: [Apache Tomcat/9.0.27]
2020-08-12 21:35:19.712  INFO 14608 --- [restartedMain] o.a.c.c.C.[Tomcat].[localhost].[/api]    : Initializing Spring embedded WebApplicationContext
2020-08-12 21:35:19.713  INFO 14608 --- [restartedMain] o.s.web.context.ContextLoader            : Root WebApplicationContext: initialization completed in 3870 ms
2020-08-12 21:35:20.399  INFO 14608 --- [restartedMain] o.hibernate.jpa.internal.util.LogHelper  : HHH000204: Processing PersistenceUnitInfo [name: default]
2020-08-12 21:35:20.462  INFO 14608 --- [restartedMain] org.hibernate.Version                    : HHH000412: Hibernate Core {5.4.8.Final}
2020-08-12 21:35:20.604  INFO 14608 --- [restartedMain] o.hibernate.annotations.common.Version   : HCANN000001: Hibernate Commons Annotations {5.1.0.Final}
2020-08-12 21:35:20.716  INFO 14608 --- [restartedMain] com.zaxxer.hikari.HikariDataSource       : HikariPool-1 - Starting...
2020-08-12 21:35:21.319  INFO 14608 --- [restartedMain] com.zaxxer.hikari.HikariDataSource       : HikariPool-1 - Start completed.
2020-08-12 21:35:21.334  INFO 14608 --- [restartedMain] org.hibernate.dialect.Dialect            : HHH000400: Using dialect: org.hibernate.dialect.SQLServer2012Dialect
2020-08-12 21:35:26.111  INFO 14608 --- [restartedMain] o.h.e.t.j.p.i.JtaPlatformInitiator       : HHH000490: Using JtaPlatform implementation: [org.hibernate.engine.transaction.jta.platform.internal.NoJtaPlatform]
2020-08-12 21:35:26.120  INFO 14608 --- [restartedMain] j.LocalContainerEntityManagerFactoryBean : Initialized JPA EntityManagerFactory for persistence unit 'default'
2020-08-12 21:35:26.171  INFO 14608 --- [restartedMain] o.s.b.d.a.OptionalLiveReloadServer       : LiveReload server is running on port 35729
2020-08-12 21:35:27.571  WARN 14608 --- [restartedMain] o.s.s.o.p.t.s.JwtAccessTokenConverter    : Unable to create an RSA verifier from verifierKey (ignoreable if using MAC)
2020-08-12 21:35:27.657  INFO 14608 --- [restartedMain] o.s.b.a.e.web.EndpointLinksResolver      : Exposing 2 endpoint(s) beneath base path '/actuator'
2020-08-12 21:35:27.751  INFO 14608 --- [restartedMain] pertySourcedRequestMappingHandlerMapping : Mapped URL path [/v2/api-docs] onto method [springfox.documentation.swagger2.web.Swagger2Controller#getDocumentation(String, HttpServletRequest)]
2020-08-12 21:35:28.205  INFO 14608 --- [restartedMain] o.s.s.web.DefaultSecurityFilterChain     : Creating filter chain: OrRequestMatcher [requestMatchers=[Ant [pattern='/oauth/token'], Ant [pattern='/oauth/token_key'], Ant [pattern='/oauth/check_token']]], [org.springframework.security.web.context.request.async.WebAsyncManagerIntegrationFilter@1709cfb6, org.springframework.security.web.context.SecurityContextPersistenceFilter@273240a8, org.springframework.security.web.header.HeaderWriterFilter@7922e1d3, org.springframework.security.web.authentication.logout.LogoutFilter@3da97587, org.springframework.security.web.authentication.www.BasicAuthenticationFilter@204e8d2d, org.springframework.security.web.savedrequest.RequestCacheAwareFilter@15aeda15, org.springframework.security.web.servletapi.SecurityContextHolderAwareRequestFilter@3164b74f, org.springframework.security.web.authentication.AnonymousAuthenticationFilter@40094fab, org.springframework.security.web.session.SessionManagementFilter@5fc81ba4, org.springframework.security.web.access.ExceptionTranslationFilter@724bd893, org.springframework.security.web.access.intercept.FilterSecurityInterceptor@292e8d94]
2020-08-12 21:35:28.217  INFO 14608 --- [restartedMain] o.s.s.web.DefaultSecurityFilterChain     : Creating filter chain: org.springframework.security.oauth2.config.annotation.web.configuration.ResourceServerConfiguration$NotOAuthRequestMatcher@611e7468, [org.springframework.security.web.context.request.async.WebAsyncManagerIntegrationFilter@79bfde69, org.springframework.security.web.context.SecurityContextPersistenceFilter@fc4d14, org.springframework.security.web.header.HeaderWriterFilter@71ecd73b, org.springframework.security.web.authentication.logout.LogoutFilter@6e60eb78, org.springframework.security.oauth2.provider.authentication.OAuth2AuthenticationProcessingFilter@22040aee, org.springframework.security.web.authentication.www.BasicAuthenticationFilter@7576282, org.springframework.security.web.savedrequest.RequestCacheAwareFilter@1676179, org.springframework.security.web.servletapi.SecurityContextHolderAwareRequestFilter@16253b61, org.springframework.security.web.authentication.AnonymousAuthenticationFilter@7fec8110, org.springframework.security.web.session.SessionManagementFilter@3ff4abb5, org.springframework.security.web.access.ExceptionTranslationFilter@45288654, org.springframework.security.web.access.intercept.FilterSecurityInterceptor@783fcd5b]
2020-08-12 21:35:28.230  INFO 14608 --- [restartedMain] o.s.s.web.DefaultSecurityFilterChain     : Creating filter chain: any request, [org.springframework.security.web.context.request.async.WebAsyncManagerIntegrationFilter@1c1d6de1, org.springframework.security.web.context.SecurityContextPersistenceFilter@4c704bda, org.springframework.security.web.header.HeaderWriterFilter@4b915c8e, org.springframework.security.web.csrf.CsrfFilter@55f548f0, org.springframework.security.web.authentication.logout.LogoutFilter@4a89af59, org.springframework.security.web.authentication.UsernamePasswordAuthenticationFilter@5cc30809, org.springframework.security.web.authentication.ui.DefaultLoginPageGeneratingFilter@737177ed, org.springframework.security.web.authentication.ui.DefaultLogoutPageGeneratingFilter@6c87ca5b, org.springframework.security.web.authentication.www.BasicAuthenticationFilter@585ab5a3, org.springframework.security.web.savedrequest.RequestCacheAwareFilter@67321bb2, org.springframework.security.web.servletapi.SecurityContextHolderAwareRequestFilter@26865ef6, org.springframework.security.web.authentication.AnonymousAuthenticationFilter@168d55b0, org.springframework.security.web.session.SessionManagementFilter@345c2fc4, org.springframework.security.web.access.ExceptionTranslationFilter@53ef10c6, org.springframework.security.web.access.intercept.FilterSecurityInterceptor@12ea4a77]
2020-08-12 21:35:29.408  INFO 14608 --- [restartedMain] d.s.w.p.DocumentationPluginsBootstrapper : Context refreshed
2020-08-12 21:35:29.429  INFO 14608 --- [restartedMain] d.s.w.p.DocumentationPluginsBootstrapper : Found 1 custom documentation plugin(s)
2020-08-12 21:35:29.487  INFO 14608 --- [restartedMain] s.d.s.w.s.ApiListingReferenceScanner     : Scanning for api listing references
2020-08-12 21:35:29.666  INFO 14608 --- [restartedMain] .d.s.w.r.o.CachingOperationNameGenerator : Generating unique operation named: apagarPorIdUsingDELETE_1
2020-08-12 21:35:29.702  INFO 14608 --- [restartedMain] .d.s.w.r.o.CachingOperationNameGenerator : Generating unique operation named: atualizarUsingPUT_1
2020-08-12 21:35:29.704  INFO 14608 --- [restartedMain] .d.s.w.r.o.CachingOperationNameGenerator : Generating unique operation named: buscarPeloIDUsingGET_1
2020-08-12 21:35:29.712  INFO 14608 --- [restartedMain] .d.s.w.r.o.CachingOperationNameGenerator : Generating unique operation named: gravarUsingPOST_1
2020-08-12 21:35:29.714  INFO 14608 --- [restartedMain] .d.s.w.r.o.CachingOperationNameGenerator : Generating unique operation named: listarUsingGET_1
2020-08-12 21:35:29.722  INFO 14608 --- [restartedMain] .d.s.w.r.o.CachingOperationNameGenerator : Generating unique operation named: paginadoUsingGET_1
2020-08-12 21:35:29.725  INFO 14608 --- [restartedMain] .d.s.w.r.o.CachingOperationNameGenerator : Generating unique operation named: apagarPorIdUsingDELETE_2
2020-08-12 21:35:29.768  INFO 14608 --- [restartedMain] .d.s.w.r.o.CachingOperationNameGenerator : Generating unique operation named: atualizarUsingPUT_2
2020-08-12 21:35:29.770  INFO 14608 --- [restartedMain] .d.s.w.r.o.CachingOperationNameGenerator : Generating unique operation named: buscarPeloIDUsingGET_2
2020-08-12 21:35:29.775  INFO 14608 --- [restartedMain] .d.s.w.r.o.CachingOperationNameGenerator : Generating unique operation named: gravarUsingPOST_2
2020-08-12 21:35:29.776  INFO 14608 --- [restartedMain] .d.s.w.r.o.CachingOperationNameGenerator : Generating unique operation named: listarUsingGET_2
2020-08-12 21:35:29.784  INFO 14608 --- [restartedMain] .d.s.w.r.o.CachingOperationNameGenerator : Generating unique operation named: paginadoUsingGET_2
2020-08-12 21:35:29.786  INFO 14608 --- [restartedMain] .d.s.w.r.o.CachingOperationNameGenerator : Generating unique operation named: apagarPorIdUsingDELETE_3
2020-08-12 21:35:29.802  INFO 14608 --- [restartedMain] .d.s.w.r.o.CachingOperationNameGenerator : Generating unique operation named: atualizarUsingPUT_3
2020-08-12 21:35:29.803  INFO 14608 --- [restartedMain] .d.s.w.r.o.CachingOperationNameGenerator : Generating unique operation named: buscarPeloIDUsingGET_3
2020-08-12 21:35:29.806  INFO 14608 --- [restartedMain] .d.s.w.r.o.CachingOperationNameGenerator : Generating unique operation named: gravarUsingPOST_3
2020-08-12 21:35:29.807  INFO 14608 --- [restartedMain] .d.s.w.r.o.CachingOperationNameGenerator : Generating unique operation named: listarUsingGET_3
2020-08-12 21:35:29.813  INFO 14608 --- [restartedMain] .d.s.w.r.o.CachingOperationNameGenerator : Generating unique operation named: paginadoUsingGET_3
2020-08-12 21:35:29.816  INFO 14608 --- [restartedMain] .d.s.w.r.o.CachingOperationNameGenerator : Generating unique operation named: apagarPorIdUsingDELETE_4
2020-08-12 21:35:29.832  INFO 14608 --- [restartedMain] .d.s.w.r.o.CachingOperationNameGenerator : Generating unique operation named: atualizarUsingPUT_4
2020-08-12 21:35:29.834  INFO 14608 --- [restartedMain] .d.s.w.r.o.CachingOperationNameGenerator : Generating unique operation named: buscarPeloIDUsingGET_4
2020-08-12 21:35:29.837  INFO 14608 --- [restartedMain] .d.s.w.r.o.CachingOperationNameGenerator : Generating unique operation named: gravarUsingPOST_4
2020-08-12 21:35:29.838  INFO 14608 --- [restartedMain] .d.s.w.r.o.CachingOperationNameGenerator : Generating unique operation named: listarUsingGET_4
2020-08-12 21:35:29.844  INFO 14608 --- [restartedMain] .d.s.w.r.o.CachingOperationNameGenerator : Generating unique operation named: paginadoUsingGET_4
2020-08-12 21:35:29.847  INFO 14608 --- [restartedMain] .d.s.w.r.o.CachingOperationNameGenerator : Generating unique operation named: apagarPorIdUsingDELETE_5
2020-08-12 21:35:29.858  INFO 14608 --- [restartedMain] .d.s.w.r.o.CachingOperationNameGenerator : Generating unique operation named: atualizarUsingPUT_5
2020-08-12 21:35:29.859  INFO 14608 --- [restartedMain] .d.s.w.r.o.CachingOperationNameGenerator : Generating unique operation named: buscarPeloIDUsingGET_5
2020-08-12 21:35:29.862  INFO 14608 --- [restartedMain] .d.s.w.r.o.CachingOperationNameGenerator : Generating unique operation named: gravarUsingPOST_5
2020-08-12 21:35:29.863  INFO 14608 --- [restartedMain] .d.s.w.r.o.CachingOperationNameGenerator : Generating unique operation named: listarUsingGET_5
2020-08-12 21:35:29.868  INFO 14608 --- [restartedMain] .d.s.w.r.o.CachingOperationNameGenerator : Generating unique operation named: paginadoUsingGET_5
2020-08-12 21:35:29.873  INFO 14608 --- [restartedMain] .d.s.w.r.o.CachingOperationNameGenerator : Generating unique operation named: listarUsingGET_6
2020-08-12 21:35:29.878  INFO 14608 --- [restartedMain] .d.s.w.r.o.CachingOperationNameGenerator : Generating unique operation named: paginadoUsingGET_6
2020-08-12 21:35:29.884  INFO 14608 --- [restartedMain] .d.s.w.r.o.CachingOperationNameGenerator : Generating unique operation named: apagarPorIdUsingDELETE_6
2020-08-12 21:35:29.888  INFO 14608 --- [restartedMain] .d.s.w.r.o.CachingOperationNameGenerator : Generating unique operation named: atualizarUsingPUT_6
2020-08-12 21:35:29.889  INFO 14608 --- [restartedMain] .d.s.w.r.o.CachingOperationNameGenerator : Generating unique operation named: buscarPeloIDUsingGET_6
2020-08-12 21:35:29.892  INFO 14608 --- [restartedMain] .d.s.w.r.o.CachingOperationNameGenerator : Generating unique operation named: gravarUsingPOST_6
2020-08-12 21:35:29.893  INFO 14608 --- [restartedMain] .d.s.w.r.o.CachingOperationNameGenerator : Generating unique operation named: listarUsingGET_7
2020-08-12 21:35:29.899  INFO 14608 --- [restartedMain] .d.s.w.r.o.CachingOperationNameGenerator : Generating unique operation named: paginadoUsingGET_7
2020-08-12 21:35:29.954  INFO 14608 --- [restartedMain] o.s.b.w.embedded.tomcat.TomcatWebServer  : Tomcat started on port(s): 8080 (http) with context path '/api'
2020-08-12 21:35:29.958  INFO 14608 --- [restartedMain] com.dom.colare.api.Api                   : Started Api in 14.876 seconds (JVM running for 16.223)
2020-08-12 21:35:30.719  INFO 14608 --- [RMI TCP Connection(2)-192.168.1.64] o.a.c.c.C.[Tomcat].[localhost].[/api]    : Initializing Spring DispatcherServlet 'dispatcherServlet'
2020-08-12 21:35:30.719  INFO 14608 --- [RMI TCP Connection(2)-192.168.1.64] o.s.web.servlet.DispatcherServlet        : Initializing Servlet 'dispatcherServlet'
2020-08-12 21:35:30.733  INFO 14608 --- [RMI TCP Connection(2)-192.168.1.64] o.s.web.servlet.DispatcherServlet        : Completed initialization in 14 ms
2020-08-12 22:13:15.305  INFO 15400 --- [restartedMain] com.dom.colare.api.Api                   : Starting Api on DESKTOP-G4L0FKU with PID 15400 (D:\DEV\Projects\Intellij\colare\api\target\classes started by janer in D:\DEV\Projects\Intellij\colare)
2020-08-12 22:13:15.310  INFO 15400 --- [restartedMain] com.dom.colare.api.Api                   : No active profile set, falling back to default profiles: default
2020-08-12 22:13:15.489  INFO 15400 --- [restartedMain] o.s.b.devtools.restart.ChangeableUrls    : The Class-Path manifest attribute in D:\DEV\Maven\repository\org\glassfish\jaxb\jaxb-runtime\2.3.2\jaxb-runtime-2.3.2.jar referenced one or more files that do not exist: file:/D:/DEV/Maven/repository/org/glassfish/jaxb/jaxb-runtime/2.3.2/jakarta.xml.bind-api-2.3.2.jar,file:/D:/DEV/Maven/repository/org/glassfish/jaxb/jaxb-runtime/2.3.2/txw2-2.3.2.jar,file:/D:/DEV/Maven/repository/org/glassfish/jaxb/jaxb-runtime/2.3.2/istack-commons-runtime-3.0.8.jar,file:/D:/DEV/Maven/repository/org/glassfish/jaxb/jaxb-runtime/2.3.2/stax-ex-1.8.1.jar,file:/D:/DEV/Maven/repository/org/glassfish/jaxb/jaxb-runtime/2.3.2/FastInfoset-1.2.16.jar,file:/D:/DEV/Maven/repository/org/glassfish/jaxb/jaxb-runtime/2.3.2/jakarta.activation-api-1.2.1.jar
2020-08-12 22:13:15.489  INFO 15400 --- [restartedMain] .e.DevToolsPropertyDefaultsPostProcessor : Devtools property defaults active! Set 'spring.devtools.add-properties' to 'false' to disable
2020-08-12 22:13:15.490  INFO 15400 --- [restartedMain] .e.DevToolsPropertyDefaultsPostProcessor : For additional web related logging consider setting the 'logging.level.web' property to 'DEBUG'
2020-08-12 22:13:17.954  INFO 15400 --- [restartedMain] .s.d.r.c.RepositoryConfigurationDelegate : Bootstrapping Spring Data repositories in DEFAULT mode.
2020-08-12 22:13:18.607  INFO 15400 --- [restartedMain] .s.d.r.c.RepositoryConfigurationDelegate : Finished Spring Data repository scanning in 644ms. Found 30 repository interfaces.
2020-08-12 22:13:19.597  INFO 15400 --- [restartedMain] trationDelegate$BeanPostProcessorChecker : Bean 'org.springframework.transaction.annotation.ProxyTransactionManagementConfiguration' of type [org.springframework.transaction.annotation.ProxyTransactionManagementConfiguration] is not eligible for getting processed by all BeanPostProcessors (for example: not eligible for auto-proxying)
2020-08-12 22:13:19.647  INFO 15400 --- [restartedMain] trationDelegate$BeanPostProcessorChecker : Bean 'org.springframework.security.config.annotation.configuration.ObjectPostProcessorConfiguration' of type [org.springframework.security.config.annotation.configuration.ObjectPostProcessorConfiguration] is not eligible for getting processed by all BeanPostProcessors (for example: not eligible for auto-proxying)
2020-08-12 22:13:19.651  INFO 15400 --- [restartedMain] trationDelegate$BeanPostProcessorChecker : Bean 'objectPostProcessor' of type [org.springframework.security.config.annotation.configuration.AutowireBeanFactoryObjectPostProcessor] is not eligible for getting processed by all BeanPostProcessors (for example: not eligible for auto-proxying)
2020-08-12 22:13:19.654  INFO 15400 --- [restartedMain] trationDelegate$BeanPostProcessorChecker : Bean 'org.springframework.security.access.expression.method.DefaultMethodSecurityExpressionHandler@49a347d9' of type [org.springframework.security.access.expression.method.DefaultMethodSecurityExpressionHandler] is not eligible for getting processed by all BeanPostProcessors (for example: not eligible for auto-proxying)
2020-08-12 22:13:19.655  INFO 15400 --- [restartedMain] trationDelegate$BeanPostProcessorChecker : Bean 'org.springframework.security.config.annotation.method.configuration.GlobalMethodSecurityConfiguration' of type [org.springframework.security.config.annotation.method.configuration.GlobalMethodSecurityConfiguration] is not eligible for getting processed by all BeanPostProcessors (for example: not eligible for auto-proxying)
2020-08-12 22:13:19.660  INFO 15400 --- [restartedMain] trationDelegate$BeanPostProcessorChecker : Bean 'methodSecurityMetadataSource' of type [org.springframework.security.access.method.DelegatingMethodSecurityMetadataSource] is not eligible for getting processed by all BeanPostProcessors (for example: not eligible for auto-proxying)
2020-08-12 22:13:20.441  INFO 15400 --- [restartedMain] o.s.b.w.embedded.tomcat.TomcatWebServer  : Tomcat initialized with port(s): 8080 (http)
2020-08-12 22:13:20.454  INFO 15400 --- [restartedMain] o.apache.catalina.core.StandardService   : Starting service [Tomcat]
2020-08-12 22:13:20.455  INFO 15400 --- [restartedMain] org.apache.catalina.core.StandardEngine  : Starting Servlet engine: [Apache Tomcat/9.0.27]
2020-08-12 22:13:20.621  INFO 15400 --- [restartedMain] o.a.c.c.C.[Tomcat].[localhost].[/api]    : Initializing Spring embedded WebApplicationContext
2020-08-12 22:13:20.622  INFO 15400 --- [restartedMain] o.s.web.context.ContextLoader            : Root WebApplicationContext: initialization completed in 5132 ms
2020-08-12 22:13:23.524  INFO 15400 --- [restartedMain] o.hibernate.jpa.internal.util.LogHelper  : HHH000204: Processing PersistenceUnitInfo [name: default]
2020-08-12 22:13:23.827  INFO 15400 --- [restartedMain] org.hibernate.Version                    : HHH000412: Hibernate Core {5.4.8.Final}
2020-08-12 22:13:24.254  INFO 15400 --- [restartedMain] o.hibernate.annotations.common.Version   : HCANN000001: Hibernate Commons Annotations {5.1.0.Final}
2020-08-12 22:13:24.437  INFO 15400 --- [restartedMain] com.zaxxer.hikari.HikariDataSource       : HikariPool-1 - Starting...
2020-08-12 22:13:25.113  INFO 15400 --- [restartedMain] com.zaxxer.hikari.HikariDataSource       : HikariPool-1 - Start completed.
2020-08-12 22:13:25.168  INFO 15400 --- [restartedMain] org.hibernate.dialect.Dialect            : HHH000400: Using dialect: org.hibernate.dialect.SQLServer2012Dialect
2020-08-12 22:13:33.153  INFO 15400 --- [restartedMain] o.h.e.t.j.p.i.JtaPlatformInitiator       : HHH000490: Using JtaPlatform implementation: [org.hibernate.engine.transaction.jta.platform.internal.NoJtaPlatform]
2020-08-12 22:13:33.163  INFO 15400 --- [restartedMain] j.LocalContainerEntityManagerFactoryBean : Initialized JPA EntityManagerFactory for persistence unit 'default'
2020-08-12 22:13:33.219  INFO 15400 --- [restartedMain] o.s.b.d.a.OptionalLiveReloadServer       : LiveReload server is running on port 35729
2020-08-12 22:13:34.955  WARN 15400 --- [restartedMain] o.s.s.o.p.t.s.JwtAccessTokenConverter    : Unable to create an RSA verifier from verifierKey (ignoreable if using MAC)
2020-08-12 22:13:35.049  INFO 15400 --- [restartedMain] o.s.b.a.e.web.EndpointLinksResolver      : Exposing 2 endpoint(s) beneath base path '/actuator'
2020-08-12 22:13:35.148  INFO 15400 --- [restartedMain] pertySourcedRequestMappingHandlerMapping : Mapped URL path [/v2/api-docs] onto method [springfox.documentation.swagger2.web.Swagger2Controller#getDocumentation(String, HttpServletRequest)]
2020-08-12 22:13:35.611  INFO 15400 --- [restartedMain] o.s.s.web.DefaultSecurityFilterChain     : Creating filter chain: OrRequestMatcher [requestMatchers=[Ant [pattern='/oauth/token'], Ant [pattern='/oauth/token_key'], Ant [pattern='/oauth/check_token']]], [org.springframework.security.web.context.request.async.WebAsyncManagerIntegrationFilter@64802aca, org.springframework.security.web.context.SecurityContextPersistenceFilter@72e04653, org.springframework.security.web.header.HeaderWriterFilter@20b8ea95, org.springframework.security.web.authentication.logout.LogoutFilter@1bbbbd35, org.springframework.security.web.authentication.www.BasicAuthenticationFilter@2bea37e2, org.springframework.security.web.savedrequest.RequestCacheAwareFilter@3ab83ec5, org.springframework.security.web.servletapi.SecurityContextHolderAwareRequestFilter@5d5a7360, org.springframework.security.web.authentication.AnonymousAuthenticationFilter@5d8c27ca, org.springframework.security.web.session.SessionManagementFilter@4c8d9e47, org.springframework.security.web.access.ExceptionTranslationFilter@7fd91237, org.springframework.security.web.access.intercept.FilterSecurityInterceptor@6f127144]
2020-08-12 22:13:35.623  INFO 15400 --- [restartedMain] o.s.s.web.DefaultSecurityFilterChain     : Creating filter chain: org.springframework.security.oauth2.config.annotation.web.configuration.ResourceServerConfiguration$NotOAuthRequestMatcher@d290668, [org.springframework.security.web.context.request.async.WebAsyncManagerIntegrationFilter@4c24aa78, org.springframework.security.web.context.SecurityContextPersistenceFilter@16c1e25b, org.springframework.security.web.header.HeaderWriterFilter@6ce6c169, org.springframework.security.web.authentication.logout.LogoutFilter@484d838a, org.springframework.security.oauth2.provider.authentication.OAuth2AuthenticationProcessingFilter@206b92f1, org.springframework.security.web.authentication.www.BasicAuthenticationFilter@55861cae, org.springframework.security.web.savedrequest.RequestCacheAwareFilter@365a2026, org.springframework.security.web.servletapi.SecurityContextHolderAwareRequestFilter@6ced520d, org.springframework.security.web.authentication.AnonymousAuthenticationFilter@39d1d1e9, org.springframework.security.web.session.SessionManagementFilter@2e5270b3, org.springframework.security.web.access.ExceptionTranslationFilter@8651bce, org.springframework.security.web.access.intercept.FilterSecurityInterceptor@4f575af7]
2020-08-12 22:13:35.636  INFO 15400 --- [restartedMain] o.s.s.web.DefaultSecurityFilterChain     : Creating filter chain: any request, [org.springframework.security.web.context.request.async.WebAsyncManagerIntegrationFilter@28af3255, org.springframework.security.web.context.SecurityContextPersistenceFilter@18b0c5a, org.springframework.security.web.header.HeaderWriterFilter@67e2d047, org.springframework.security.web.csrf.CsrfFilter@3fffcd6, org.springframework.security.web.authentication.logout.LogoutFilter@2bbf1956, org.springframework.security.web.authentication.UsernamePasswordAuthenticationFilter@7adad7db, org.springframework.security.web.authentication.ui.DefaultLoginPageGeneratingFilter@5f8cc267, org.springframework.security.web.authentication.ui.DefaultLogoutPageGeneratingFilter@1bbfff11, org.springframework.security.web.authentication.www.BasicAuthenticationFilter@467490d, org.springframework.security.web.savedrequest.RequestCacheAwareFilter@9748b4a, org.springframework.security.web.servletapi.SecurityContextHolderAwareRequestFilter@786512cb, org.springframework.security.web.authentication.AnonymousAuthenticationFilter@6ca29000, org.springframework.security.web.session.SessionManagementFilter@1b078921, org.springframework.security.web.access.ExceptionTranslationFilter@23b56841, org.springframework.security.web.access.intercept.FilterSecurityInterceptor@70212ffa]
2020-08-12 22:13:36.917  INFO 15400 --- [restartedMain] d.s.w.p.DocumentationPluginsBootstrapper : Context refreshed
2020-08-12 22:13:36.954  INFO 15400 --- [restartedMain] d.s.w.p.DocumentationPluginsBootstrapper : Found 1 custom documentation plugin(s)
2020-08-12 22:13:37.026  INFO 15400 --- [restartedMain] s.d.s.w.s.ApiListingReferenceScanner     : Scanning for api listing references
2020-08-12 22:13:37.386  INFO 15400 --- [restartedMain] .d.s.w.r.o.CachingOperationNameGenerator : Generating unique operation named: apagarPorIdUsingDELETE_1
2020-08-12 22:13:37.422  INFO 15400 --- [restartedMain] .d.s.w.r.o.CachingOperationNameGenerator : Generating unique operation named: atualizarUsingPUT_1
2020-08-12 22:13:37.425  INFO 15400 --- [restartedMain] .d.s.w.r.o.CachingOperationNameGenerator : Generating unique operation named: buscarPeloIDUsingGET_1
2020-08-12 22:13:37.434  INFO 15400 --- [restartedMain] .d.s.w.r.o.CachingOperationNameGenerator : Generating unique operation named: gravarUsingPOST_1
2020-08-12 22:13:37.435  INFO 15400 --- [restartedMain] .d.s.w.r.o.CachingOperationNameGenerator : Generating unique operation named: listarUsingGET_1
2020-08-12 22:13:37.442  INFO 15400 --- [restartedMain] .d.s.w.r.o.CachingOperationNameGenerator : Generating unique operation named: paginadoUsingGET_1
2020-08-12 22:13:37.445  INFO 15400 --- [restartedMain] .d.s.w.r.o.CachingOperationNameGenerator : Generating unique operation named: apagarPorIdUsingDELETE_2
2020-08-12 22:13:37.484  INFO 15400 --- [restartedMain] .d.s.w.r.o.CachingOperationNameGenerator : Generating unique operation named: atualizarUsingPUT_2
2020-08-12 22:13:37.486  INFO 15400 --- [restartedMain] .d.s.w.r.o.CachingOperationNameGenerator : Generating unique operation named: buscarPeloIDUsingGET_2
2020-08-12 22:13:37.491  INFO 15400 --- [restartedMain] .d.s.w.r.o.CachingOperationNameGenerator : Generating unique operation named: gravarUsingPOST_2
2020-08-12 22:13:37.493  INFO 15400 --- [restartedMain] .d.s.w.r.o.CachingOperationNameGenerator : Generating unique operation named: listarUsingGET_2
2020-08-12 22:13:37.502  INFO 15400 --- [restartedMain] .d.s.w.r.o.CachingOperationNameGenerator : Generating unique operation named: paginadoUsingGET_2
2020-08-12 22:13:37.506  INFO 15400 --- [restartedMain] .d.s.w.r.o.CachingOperationNameGenerator : Generating unique operation named: apagarPorIdUsingDELETE_3
2020-08-12 22:13:37.525  INFO 15400 --- [restartedMain] .d.s.w.r.o.CachingOperationNameGenerator : Generating unique operation named: atualizarUsingPUT_3
2020-08-12 22:13:37.527  INFO 15400 --- [restartedMain] .d.s.w.r.o.CachingOperationNameGenerator : Generating unique operation named: buscarPeloIDUsingGET_3
2020-08-12 22:13:37.529  INFO 15400 --- [restartedMain] .d.s.w.r.o.CachingOperationNameGenerator : Generating unique operation named: gravarUsingPOST_3
2020-08-12 22:13:37.530  INFO 15400 --- [restartedMain] .d.s.w.r.o.CachingOperationNameGenerator : Generating unique operation named: listarUsingGET_3
2020-08-12 22:13:37.535  INFO 15400 --- [restartedMain] .d.s.w.r.o.CachingOperationNameGenerator : Generating unique operation named: paginadoUsingGET_3
2020-08-12 22:13:37.538  INFO 15400 --- [restartedMain] .d.s.w.r.o.CachingOperationNameGenerator : Generating unique operation named: apagarPorIdUsingDELETE_4
2020-08-12 22:13:37.552  INFO 15400 --- [restartedMain] .d.s.w.r.o.CachingOperationNameGenerator : Generating unique operation named: atualizarUsingPUT_4
2020-08-12 22:13:37.553  INFO 15400 --- [restartedMain] .d.s.w.r.o.CachingOperationNameGenerator : Generating unique operation named: buscarPeloIDUsingGET_4
2020-08-12 22:13:37.557  INFO 15400 --- [restartedMain] .d.s.w.r.o.CachingOperationNameGenerator : Generating unique operation named: gravarUsingPOST_4
2020-08-12 22:13:37.558  INFO 15400 --- [restartedMain] .d.s.w.r.o.CachingOperationNameGenerator : Generating unique operation named: listarUsingGET_4
2020-08-12 22:13:37.564  INFO 15400 --- [restartedMain] .d.s.w.r.o.CachingOperationNameGenerator : Generating unique operation named: paginadoUsingGET_4
2020-08-12 22:13:37.566  INFO 15400 --- [restartedMain] .d.s.w.r.o.CachingOperationNameGenerator : Generating unique operation named: apagarPorIdUsingDELETE_5
2020-08-12 22:13:37.576  INFO 15400 --- [restartedMain] .d.s.w.r.o.CachingOperationNameGenerator : Generating unique operation named: atualizarUsingPUT_5
2020-08-12 22:13:37.577  INFO 15400 --- [restartedMain] .d.s.w.r.o.CachingOperationNameGenerator : Generating unique operation named: buscarPeloIDUsingGET_5
2020-08-12 22:13:37.580  INFO 15400 --- [restartedMain] .d.s.w.r.o.CachingOperationNameGenerator : Generating unique operation named: gravarUsingPOST_5
2020-08-12 22:13:37.581  INFO 15400 --- [restartedMain] .d.s.w.r.o.CachingOperationNameGenerator : Generating unique operation named: listarUsingGET_5
2020-08-12 22:13:37.585  INFO 15400 --- [restartedMain] .d.s.w.r.o.CachingOperationNameGenerator : Generating unique operation named: paginadoUsingGET_5
2020-08-12 22:13:37.590  INFO 15400 --- [restartedMain] .d.s.w.r.o.CachingOperationNameGenerator : Generating unique operation named: listarUsingGET_6
2020-08-12 22:13:37.595  INFO 15400 --- [restartedMain] .d.s.w.r.o.CachingOperationNameGenerator : Generating unique operation named: paginadoUsingGET_6
2020-08-12 22:13:37.599  INFO 15400 --- [restartedMain] .d.s.w.r.o.CachingOperationNameGenerator : Generating unique operation named: apagarPorIdUsingDELETE_6
2020-08-12 22:13:37.601  INFO 15400 --- [restartedMain] .d.s.w.r.o.CachingOperationNameGenerator : Generating unique operation named: atualizarUsingPUT_6
2020-08-12 22:13:37.603  INFO 15400 --- [restartedMain] .d.s.w.r.o.CachingOperationNameGenerator : Generating unique operation named: buscarPeloIDUsingGET_6
2020-08-12 22:13:37.605  INFO 15400 --- [restartedMain] .d.s.w.r.o.CachingOperationNameGenerator : Generating unique operation named: gravarUsingPOST_6
2020-08-12 22:13:37.606  INFO 15400 --- [restartedMain] .d.s.w.r.o.CachingOperationNameGenerator : Generating unique operation named: listarUsingGET_7
2020-08-12 22:13:37.612  INFO 15400 --- [restartedMain] .d.s.w.r.o.CachingOperationNameGenerator : Generating unique operation named: paginadoUsingGET_7
2020-08-12 22:13:37.667  INFO 15400 --- [restartedMain] o.s.b.w.embedded.tomcat.TomcatWebServer  : Tomcat started on port(s): 8080 (http) with context path '/api'
2020-08-12 22:13:37.671  INFO 15400 --- [restartedMain] com.dom.colare.api.Api                   : Started Api in 23.282 seconds (JVM running for 25.339)
2020-08-12 22:13:38.552  INFO 15400 --- [RMI TCP Connection(3)-192.168.1.64] o.a.c.c.C.[Tomcat].[localhost].[/api]    : Initializing Spring DispatcherServlet 'dispatcherServlet'
2020-08-12 22:13:38.552  INFO 15400 --- [RMI TCP Connection(3)-192.168.1.64] o.s.web.servlet.DispatcherServlet        : Initializing Servlet 'dispatcherServlet'
2020-08-12 22:13:38.565  INFO 15400 --- [RMI TCP Connection(3)-192.168.1.64] o.s.web.servlet.DispatcherServlet        : Completed initialization in 13 ms
